<?xml version="1.0" encoding="UTF-8"?>
<!-- Generated by org.testng.reporters.JUnitReportReporter -->
<testsuite hostname="CSGBTPLT410" failures="0" tests="1" name="TestRunnerDocker" time="12.659" errors="0" timestamp="2024-06-05T13:46:19 IST" skipped="0">
  <testcase classname="TestRunnerDocker" name="runScenario" time="12.659"/>
  <system-out/>
</testsuite> <!-- TestRunnerDocker -->
